-------------------------------------------------------------------------------
Test set: com.hong.demo.MvcJpaRestApiApplicationTests
-------------------------------------------------------------------------------
Tests run: 5, Failures: 1, Errors: 0, Skipped: 0, Time elapsed: 10.611 s <<< FAILURE! - in com.hong.demo.MvcJpaRestApiApplicationTests
testDeleteBook  Time elapsed: 0.163 s  <<< FAILURE!
java.lang.AssertionError: expected null, but was:<{"errorCode":"OK","errorMessage":"Book Id=2 deleted","devErrorMessage":null,"additionalData":{}}>
	at com.hong.demo.MvcJpaRestApiApplicationTests.testDeleteBook(MvcJpaRestApiApplicationTests.java:117)

